<?xml version="1.0" encoding="UTF-8"?>
<testsuite name="org.apw.arjunpscwala.ArjunpscwalaApplicationTests" tests="1" skipped="0" failures="0" errors="0" timestamp="2024-08-26T04:28:30" hostname="DESKTOP-SKG83FV" time="1.76">
  <properties/>
  <testcase name="contextLoads()" classname="org.apw.arjunpscwala.ArjunpscwalaApplicationTests" time="1.76"/>
  <system-out><![CDATA[09:58:23.708 [Test worker] INFO org.springframework.test.context.support.AnnotationConfigContextLoaderUtils -- Could not detect default configuration classes for test class [org.apw.arjunpscwala.ArjunpscwalaApplicationTests]: ArjunpscwalaApplicationTests does not declare any static, non-private, non-final, nested classes annotated with @Configuration.
09:58:24.004 [Test worker] INFO org.springframework.boot.test.context.SpringBootTestContextBootstrapper -- Found @SpringBootConfiguration org.apw.arjunpscwala.ArjunPscWalaApplication for test class org.apw.arjunpscwala.ArjunpscwalaApplicationTests

  .   ____          _            __ _ _
 /\\ / ___'_ __ _ _(_)_ __  __ _ \ \ \ \
( ( )\___ | '_ | '_| | '_ \/ _` | \ \ \ \
 \\/  ___)| |_)| | | | | || (_| |  ) ) ) )
  '  |____| .__|_| |_|_| |_\__, | / / / /
 =========|_|==============|___/=/_/_/_/

 :: Spring Boot ::                (v3.3.2)

2024-08-26T09:58:25.477+05:30  INFO 8444 --- [arjunpscwala] [    Test worker] o.a.a.ArjunpscwalaApplicationTests       : Starting ArjunpscwalaApplicationTests using Java 17.0.12 with PID 8444 (started by HP in G:\Latest Downloads\arjunpscwala)
2024-08-26T09:58:25.477+05:30  INFO 8444 --- [arjunpscwala] [    Test worker] o.a.a.ArjunpscwalaApplicationTests       : No active profile set, falling back to 1 default profile: "default"
2024-08-26T09:58:30.349+05:30  INFO 8444 --- [arjunpscwala] [    Test worker] o.a.a.ArjunpscwalaApplicationTests       : Started ArjunpscwalaApplicationTests in 5.815 seconds (process running for 8.809)
]]></system-out>
  <system-err><![CDATA[]]></system-err>
</testsuite>
